{"C:\\Users\\Denis\\Desktop\\курсики\\containers2\\src\\errorrrepository.js": {"path":"C:\\Users\\Denis\\Desktop\\курсики\\containers2\\src\\errorrrepository.js","statementMap":{"0":{"start":{"line":3,"column":8},"end":{"line":8,"column":11}},"1":{"start":{"line":12,"column":8},"end":{"line":12,"column":58}}},"fnMap":{"0":{"name":"(anonymous_0)","decl":{"start":{"line":2,"column":4},"end":{"line":2,"column":5}},"loc":{"start":{"line":2,"column":18},"end":{"line":9,"column":5}},"line":2},"1":{"name":"(anonymous_1)","decl":{"start":{"line":11,"column":4},"end":{"line":11,"column":5}},"loc":{"start":{"line":11,"column":20},"end":{"line":13,"column":5}},"line":11}},"branchMap":{"0":{"loc":{"start":{"line":12,"column":15},"end":{"line":12,"column":57}},"type":"binary-expr","locations":[{"start":{"line":12,"column":15},"end":{"line":12,"column":38}},{"start":{"line":12,"column":42},"end":{"line":12,"column":57}}],"line":12}},"s":{"0":2,"1":5},"f":{"0":2,"1":5},"b":{"0":[5,1]},"_coverageSchema":"1a1c01bbd47fc00a2c39e90264f33305004495a9","hash":"4b9f455d9e10a198a73f25d4442b16a809bd454a"}
}
